c:\users\sam\2014080086_韩昇范_实验2\datastructure2experiment\src\debug\vc141.pdb
c:\users\sam\2014080086_韩昇范_实验2\datastructure2experiment\src\debug\vc141.idb
c:\users\sam\2014080086_韩昇范_实验2\datastructure2experiment\src\debug\filefunctor.obj
c:\users\sam\2014080086_韩昇范_实验2\datastructure2experiment\src\debug\main.obj
c:\users\sam\2014080086_韩昇范_实验2\datastructure2experiment\src\debug\mainmodule.obj
c:\users\sam\2014080086_韩昇范_实验2\datastructure2experiment\src\debug\parsehtml.obj
c:\users\sam\2014080086_韩昇范_实验2\datastructure2experiment\src\debug\string.obj
c:\users\sam\2014080086_韩昇范_实验2\datastructure2experiment\src\debug\stringchunk.obj
c:\users\sam\2014080086_韩昇范_实验2\datastructure2experiment\src\debug\stringhashtable.obj
c:\users\sam\2014080086_韩昇范_实验2\datastructure2experiment\debug\src.ilk
c:\users\sam\2014080086_韩昇范_实验2\datastructure2experiment\debug\src.exe
c:\users\sam\2014080086_韩昇范_实验2\datastructure2experiment\debug\src.pdb
c:\users\sam\software modeling\pageindexer\src\debug\filefunctor.obj
c:\users\sam\software modeling\pageindexer\src\debug\main.obj
c:\users\sam\software modeling\pageindexer\src\debug\mainmodule.obj
c:\users\sam\software modeling\pageindexer\src\debug\parsehtml.obj
c:\users\sam\software modeling\pageindexer\src\debug\string.obj
c:\users\sam\software modeling\pageindexer\src\debug\stringchunk.obj
c:\users\sam\software modeling\pageindexer\src\debug\stringhashtable.obj
c:\users\sam\software modeling\pageindexer\src\debug\vc141.idb
c:\users\sam\software modeling\pageindexer\src\debug\vc141.pdb
c:\users\sam\software modeling\pageindexer\debug\src.pdb
c:\users\sam\software modeling\pageindexer\debug\src.exe
c:\users\sam\software modeling\pageindexer\debug\src.ilk
c:\users\sam\software modeling\pageindexer\src\debug\src.tlog\cl.command.1.tlog
c:\users\sam\software modeling\pageindexer\src\debug\src.tlog\cl.read.1.tlog
c:\users\sam\software modeling\pageindexer\src\debug\src.tlog\cl.write.1.tlog
c:\users\sam\software modeling\pageindexer\src\debug\src.tlog\link.command.1.tlog
c:\users\sam\software modeling\pageindexer\src\debug\src.tlog\link.read.1.tlog
c:\users\sam\software modeling\pageindexer\src\debug\src.tlog\link.write.1.tlog
